<?xml version="1.0" encoding="UTF-8"?>
<!-- Generated by org.testng.reporters.JUnitXMLReporter -->
<testsuite ignored="2" hostname="DESKTOP-6CV4G98" failures="1" tests="3" name="Test" time="7.74" errors="0" timestamp="2022-11-25T21:03:55 IST">
  <testcase classname="tests.LoginTest" name="login" time="3.576"/>
  <testcase classname="tests.HomePageTest" name="verifyTitle" time="0.032">
    <failure type="java.lang.AssertionError" message="Title does not matched expected [HRM] but found [OrangeHRM]">
      <![CDATA[java.lang.AssertionError: Title does not matched expected [HRM] but found [OrangeHRM]
at tests.HomePageTest.verifyTitle(HomePageTest.java:49)
at java.base/java.util.ArrayList.forEach(ArrayList.java:1541)
... Removed 32 stack frames]]>
    </failure>
  </testcase> <!-- verifyTitle -->
  <testcase classname="tests.HomePageTest" name="logout" time="3.771"/>
  <testcase classname="tests.BaseTest" name="@AfterSuite tear" time="0.0">
    <ignored/>
  </testcase> <!-- @AfterSuite tear -->
  <testcase classname="tests.BaseTest" name="@BeforeSuite launchBrowser" time="0.0">
    <ignored/>
  </testcase> <!-- @BeforeSuite launchBrowser -->
</testsuite> <!-- Test -->
