<?xml version="1.0" encoding="UTF-8"?>
<testng-results ignored="0" total="1" passed="1" failed="0" skipped="0">
  <reporter-output>
  </reporter-output>
  <suite started-at="2022-11-25T21:06:25 IST" name="Default suite" finished-at="2022-11-25T21:06:29 IST" duration-ms="3750">
    <groups>
    </groups>
    <test started-at="2022-11-25T21:06:25 IST" name="Default test" finished-at="2022-11-25T21:06:29 IST" duration-ms="3750">
      <class name="tests.LoginTest">
        <test-method is-config="true" signature="launchBrowser()[pri:0, instance:tests.LoginTest@2cb4893b]" started-at="2022-11-25T21:06:18 IST" name="launchBrowser" finished-at="2022-11-25T21:06:25 IST" duration-ms="6623" status="PASS">
          <reporter-output>
          </reporter-output>
        </test-method> <!-- launchBrowser -->
        <test-method is-config="true" signature="init()[pri:0, instance:tests.LoginTest@2cb4893b]" started-at="2022-11-25T21:06:25 IST" name="init" finished-at="2022-11-25T21:06:25 IST" duration-ms="25" status="PASS">
          <reporter-output>
          </reporter-output>
        </test-method> <!-- init -->
        <test-method signature="login()[pri:0, instance:tests.LoginTest@2cb4893b]" started-at="2022-11-25T21:06:25 IST" name="login" finished-at="2022-11-25T21:06:29 IST" duration-ms="3673" status="PASS">
          <reporter-output>
          </reporter-output>
        </test-method> <!-- login -->
        <test-method is-config="true" signature="tear()[pri:0, instance:tests.LoginTest@2cb4893b]" started-at="2022-11-25T21:06:29 IST" name="tear" finished-at="2022-11-25T21:06:29 IST" duration-ms="232" status="PASS">
          <reporter-output>
          </reporter-output>
        </test-method> <!-- tear -->
      </class> <!-- tests.LoginTest -->
    </test> <!-- Default test -->
  </suite> <!-- Default suite -->
</testng-results>
